<?xml version="1.0" encoding="UTF-8"?>
<!-- Generated by org.testng.reporters.JUnitReportReporter -->
<testsuite hostname="INLEN8520070112" failures="0" tests="6" name="com.qa.dataprovider.DataProviderDemo" time="0.018" errors="0" timestamp="15 Jul 2023 06:52:04 GMT" skipped="1">
  <testcase classname="com.qa.dataprovider.DataProviderDemo" name="test2" time="0.001"/>
  <testcase classname="com.qa.dataprovider.DataProviderDemo" name="test3" time="0.000"/>
  <testcase classname="com.qa.dataprovider.DataProviderDemo" name="test3" time="0.002"/>
  <testcase classname="com.qa.dataprovider.DataProviderDemo" name="test2" time="0.014"/>
  <testcase classname="com.qa.dataprovider.DataProviderDemo" name="test2" time="0.001"/>
  <testcase classname="com.qa.dataprovider.DataProviderDemo" name="test1">
    <skipped/>
  </testcase> <!-- test1 -->
</testsuite> <!-- com.qa.dataprovider.DataProviderDemo -->
