<?xml version="1.0" encoding="UTF-8"?>
<!-- Generated by org.testng.reporters.JUnitReportReporter -->
<testsuite hostname="INLEN8520070112" failures="1" tests="2" name="com.qa.tests.DP1ProductTest" time="94.536" errors="0" timestamp="19 May 2024 13:30:31 GMT" skipped="0">
  <testcase classname="com.qa.tests.DP1ProductTest" name="testDPIProductSlideDuration" time="70.752">
    <failure message="expected:&lt;[[7L, 10L, 10L, 10L]]&gt; but was:&lt;[[&quot;8&quot;, &quot;10&quot;, &quot;10&quot;, &quot;10&quot;]]&gt;" type="org.junit.ComparisonFailure">
      <![CDATA[org.junit.ComparisonFailure: expected:<[[7L, 10L, 10L, 10L]]]]><![CDATA[> but was:<[["8", "10", "10", "10"]]]]><![CDATA[>
at java.base/jdk.internal.reflect.DirectConstructorHandleAccessor.newInstance(DirectConstructorHandleAccessor.java:67)
at java.base/java.lang.reflect.Constructor.newInstanceWithCaller(Constructor.java:500)
at com.qa.tests.DP1ProductTest.testDPIProductSlideDuration(DP1ProductTest.java:44)
at java.base/jdk.internal.reflect.DirectMethodHandleAccessor.invoke(DirectMethodHandleAccessor.java:104)
at java.base/java.lang.reflect.Method.invoke(Method.java:578)
at org.testng.internal.MethodInvocationHelper.invokeMethod(MethodInvocationHelper.java:124)
at org.testng.internal.Invoker.invokeMethod(Invoker.java:583)
at org.testng.internal.Invoker.invokeTestMethod(Invoker.java:719)
at org.testng.internal.Invoker.invokeTestMethods(Invoker.java:989)
at org.testng.internal.TestMethodWorker.invokeTestMethods(TestMethodWorker.java:125)
at org.testng.internal.TestMethodWorker.run(TestMethodWorker.java:109)
at java.base/java.util.concurrent.ThreadPoolExecutor.runWorker(ThreadPoolExecutor.java:1144)
at java.base/java.util.concurrent.ThreadPoolExecutor$Worker.run(ThreadPoolExecutor.java:642)
at java.base/java.lang.Thread.run(Thread.java:1589)
]]>
    </failure>
  </testcase> <!-- testDPIProductSlideDuration -->
  <testcase classname="com.qa.tests.DP1ProductTest" name="testDPIProductSlideTitle" time="23.784"/>
</testsuite> <!-- com.qa.tests.DP1ProductTest -->
