<?xml version="1.0" encoding="UTF-8"?>
<!-- Generated by org.testng.reporters.JUnitReportReporter -->
<testsuite hostname="INLEN8520070112" failures="0" tests="1" name="com.qa.pagefactory.Runner" time="4.552" errors="0" timestamp="14 Jul 2023 09:36:06 GMT" skipped="0">
  <testcase classname="com.qa.pagefactory.Runner" name="test3" time="4.552"/>
</testsuite> <!-- com.qa.pagefactory.Runner -->
