<?xml version="1.0" encoding="UTF-8"?>
<!-- Generated by org.testng.reporters.JUnitReportReporter -->
<testsuite hostname="INLEN8520070112" failures="0" tests="1" name="com.qa.tests.HomePageTests" time="10.797" errors="0" timestamp="16 May 2024 07:08:38 GMT" skipped="0">
  <testcase classname="com.qa.tests.HomePageTests" name="test3" time="10.797"/>
</testsuite> <!-- com.qa.tests.HomePageTests -->
