<?xml version="1.0" encoding="UTF-8"?>
<!-- Generated by org.testng.reporters.JUnitReportReporter -->
<testsuite hostname="INLEN8520070112" failures="0" tests="1" name="com.qa.tests.CPTest" time="29.388" errors="0" timestamp="19 May 2024 06:34:39 GMT" skipped="0">
  <testcase classname="com.qa.tests.CPTest" name="testCPProduct" time="29.388"/>
</testsuite> <!-- com.qa.tests.CPTest -->
