<?xml version="1.0" encoding="UTF-8"?>
<!-- Generated by org.testng.reporters.JUnitReportReporter -->
<testsuite hostname="INLEN8520070112" failures="0" tests="3" name="com.qa.dataprovider.DataProviderWithExcel" time="0.014" errors="0" timestamp="16 Aug 2023 05:52:28 GMT" skipped="0">
  <testcase classname="com.qa.dataprovider.DataProviderWithExcel" name="test2" time="0.001"/>
  <testcase classname="com.qa.dataprovider.DataProviderWithExcel" name="test2" time="0.001"/>
  <testcase classname="com.qa.dataprovider.DataProviderWithExcel" name="test2" time="0.012"/>
</testsuite> <!-- com.qa.dataprovider.DataProviderWithExcel -->
