<?xml version="1.0" encoding="UTF-8"?>
<!-- Generated by org.testng.reporters.JUnitReportReporter -->
<testsuite hostname="INLEN8520070112" failures="0" tests="2" name="com.qa.tests.DP1Test" time="49.601" errors="0" timestamp="19 May 2024 09:55:58 GMT" skipped="0">
  <testcase classname="com.qa.tests.DP1Test" name="DP1Test" time="6.238"/>
  <testcase classname="com.qa.tests.DP1Test" name="DP1TestCalculateDuration" time="43.363"/>
</testsuite> <!-- com.qa.tests.DP1Test -->
