<?xml version="1.0" encoding="UTF-8"?>
<!-- Generated by org.testng.reporters.JUnitReportReporter -->
<testsuite hostname="INLEN8520070112" failures="0" tests="2" name="com.qa.tests.LoginPageTests" time="13.709" errors="0" timestamp="16 May 2024 07:08:38 GMT" skipped="0">
  <testcase classname="com.qa.tests.LoginPageTests" name="test1" time="6.791"/>
  <testcase classname="com.qa.tests.LoginPageTests" name="test2" time="6.918"/>
</testsuite> <!-- com.qa.tests.LoginPageTests -->
