<?xml version="1.0" encoding="UTF-8"?>
<!-- Generated by org.testng.reporters.JUnitReportReporter -->
<testsuite hostname="INLEN8520070112" failures="0" tests="1" name="com.extentreports.ExtentReportsDemo" time="2.114" errors="0" timestamp="01 Aug 2023 05:10:16 GMT" skipped="0">
  <testcase classname="com.extentreports.ExtentReportsDemo" name="test1" time="2.114"/>
</testsuite> <!-- com.extentreports.ExtentReportsDemo -->
