<?xml version="1.0" encoding="UTF-8"?>
<!-- Generated by org.testng.reporters.JUnitReportReporter -->
<testsuite hostname="INLEN8520070112" failures="0" tests="3" name="com.qa.tests.CPProductTest" time="109.056" errors="0" timestamp="19 May 2024 13:09:53 GMT" skipped="0">
  <testcase classname="com.qa.tests.CPProductTest" name="testCPProductVideosFeed" time="57.668"/>
  <testcase classname="com.qa.tests.CPProductTest" name="testCPProductArticlesPage" time="30.951"/>
  <testcase classname="com.qa.tests.CPProductTest" name="testCPProductHomePage" time="20.437"/>
</testsuite> <!-- com.qa.tests.CPProductTest -->
