<?xml version="1.0" encoding="UTF-8"?>
<!-- Generated by org.testng.reporters.JUnitReportReporter -->
<testsuite hostname="INLEN8520070112" failures="0" tests="1" name="com.extentreports.AttachLogoTest" time="1.094" errors="0" timestamp="19 May 2024 06:28:54 GMT" skipped="0">
  <testcase classname="com.extentreports.AttachLogoTest" name="attachLogoTest" time="1.094"/>
</testsuite> <!-- com.extentreports.AttachLogoTest -->
